ISim log file
Running: D:\CA projects\MohamedZakaria_20103101\Mips-Desgin\processor_isim_beh.exe -intstyle ise -gui -tclbatch isim.cmd -wdb D:/CA projects/MohamedZakaria_20103101/Mips-Desgin/processor_isim_beh.wdb 
ISim P.20131013 (signature 0x7708f090)
This is a Full version of ISim.
Time resolution is 1 ps
# onerror resume
# wave add /
# run 1000 ns
Simulator is doing circuit initialization process.
at 0 ps, Instance /processor/pcadder/ : Warning: NUMERIC_STD.TO_INTEGER: metavalue detected, returning 0
at 0 ps, Instance /processor/branchadder/ : Warning: NUMERIC_STD.TO_INTEGER: metavalue detected, returning 0
at 0 ps, Instance /processor/branchadder/ : Warning: NUMERIC_STD.TO_INTEGER: metavalue detected, returning 0
at 0 ps, Instance /processor/instructionmemorymain/ : Warning: NUMERIC_STD.TO_INTEGER: metavalue detected, returning 0
at 0 ps, Instance /processor/instructionmemorymain/ : Warning: NUMERIC_STD.TO_INTEGER: metavalue detected, returning 0
at 0 ps, Instance /processor/instructionmemorymain/ : Warning: NUMERIC_STD.TO_INTEGER: metavalue detected, returning 0
at 0 ps, Instance /processor/instructionmemorymain/ : Warning: NUMERIC_STD.TO_INTEGER: metavalue detected, returning 0
at 0 ps, Instance /processor/registerflemain/ : Warning: NUMERIC_STD.TO_INTEGER: metavalue detected, returning 0
at 0 ps, Instance /processor/registerflemain/ : Warning: NUMERIC_STD.TO_INTEGER: metavalue detected, returning 0
Finished circuit initialization process.
at 0 ps, Instance /processor/branchadder/ : Warning: NUMERIC_STD.TO_INTEGER: metavalue detected, returning 0
at 0 ps, Instance /processor/branchadder/ : Warning: NUMERIC_STD.TO_INTEGER: metavalue detected, returning 0
# isim force add /processor/clk_main 0 -radix bin -value 1 -radix bin -time 50 ps -repeat 100 ps
# isim force add /processor/clk_main 0 -radix bin -value 1 -radix bin -time 50 ps -repeat 100 ps
# run all
ERROR: Index 128 out of bound 0 to 127. 
ERROR: In process instructionmemory_mohamedzakaria_20103101.vhd:58 
 
INFO: Simulator is stopped.
